[debug] [2019-12-01T00:00:07.460Z] ----------------------------------------------------------------------
[debug] [2019-12-01T00:00:07.461Z] Command:       /usr/local/bin/node /usr/local/bin/firebase deploy
[debug] [2019-12-01T00:00:07.461Z] CLI Version:   7.6.2
[debug] [2019-12-01T00:00:07.461Z] Platform:      darwin
[debug] [2019-12-01T00:00:07.461Z] Node Version:  v13.2.0
[debug] [2019-12-01T00:00:07.462Z] Time:          Sun Dec 01 2019 02:00:07 GMT+0200 (Восточная Европа, стандартное время)
[debug] [2019-12-01T00:00:07.462Z] ----------------------------------------------------------------------
[debug] [2019-12-01T00:00:07.462Z] 
[debug] [2019-12-01T00:00:07.471Z] > command requires scopes: ["email","openid","https://www.googleapis.com/auth/cloudplatformprojects.readonly","https://www.googleapis.com/auth/firebase","https://www.googleapis.com/auth/cloud-platform"]
[debug] [2019-12-01T00:00:07.472Z] > authorizing via signed-in user
[debug] [2019-12-01T00:00:07.472Z] [iam] checking project x100-jetti for permissions ["firebase.projects.get","firebasehosting.sites.update"]
[debug] [2019-12-01T00:00:07.473Z] > refreshing access token with scopes: ["email","https://www.googleapis.com/auth/cloud-platform","https://www.googleapis.com/auth/cloudplatformprojects.readonly","https://www.googleapis.com/auth/firebase","openid"]
[debug] [2019-12-01T00:00:07.473Z] >>> HTTP REQUEST POST https://www.googleapis.com/oauth2/v3/token  
 <request body omitted>
[debug] [2019-12-01T00:00:07.646Z] <<< HTTP RESPONSE 200
[debug] [2019-12-01T00:00:07.663Z] >>> HTTP REQUEST POST https://cloudresourcemanager.googleapis.com/v1/projects/x100-jetti:testIamPermissions  

[debug] [2019-12-01T00:00:08.639Z] <<< HTTP RESPONSE 200
[debug] [2019-12-01T00:00:08.640Z] >>> HTTP REQUEST GET https://firebase.googleapis.com/v1beta1/projects/x100-jetti  
 
[debug] [2019-12-01T00:00:08.965Z] <<< HTTP RESPONSE 200
[info] 
[info] === Deploying to 'x100-jetti'...
[info] 
[info] i  deploying hosting
[debug] [2019-12-01T00:00:08.968Z] >>> HTTP REQUEST POST https://firebasehosting.googleapis.com/v1beta1/sites/x100-jetti/versions  

[debug] [2019-12-01T00:00:10.828Z] <<< HTTP RESPONSE 200
[info] i  hosting[x100-jetti]: beginning deploy...
[info] i  hosting[x100-jetti]: found 165 files in dist
[debug] [2019-12-01T00:00:11.106Z] [hosting] hash cache [ZGlzdA] stored for 165 files
[debug] [2019-12-01T00:00:11.106Z] [hosting][hash queue][FINAL]
[debug] [2019-12-01T00:00:11.106Z] >>> HTTP REQUEST POST https://firebasehosting.googleapis.com/v1beta1/sites/x100-jetti/versions/41d419c634dad232:populateFiles  
 <request body omitted>
